<?xml version="1.0" encoding="UTF-8"?>
<testsuite xmlns:xsi="http://www.w3.org/2001/XMLSchema-instance" xsi:noNamespaceSchemaLocation="https://maven.apache.org/surefire/maven-surefire-plugin/xsd/surefire-test-report-3.0.xsd" version="3.0" name="com.analyzer.AnalyzerApplicationTests" time="11.747" tests="1" errors="0" skipped="0" failures="0">
  <properties>
[...]
</properties>
  <testcase name="contextLoads" classname="com.analyzer.AnalyzerApplicationTests" time="0.429">
    <system-out><![CDATA[13:20:07.183 [main] INFO org.springframework.test.context.support.AnnotationConfigContextLoaderUtils -- Could not detect default configuration classes for test class [com.analyzer.AnalyzerApplicationTests]: AnalyzerApplicationTests does not declare any static, non-private, non-final, nested classes annotated with @Configuration.
13:20:07.302 [main] INFO org.springframework.boot.test.context.SpringBootTestContextBootstrapper -- Found @SpringBootConfiguration com.analyzer.AnalyzerApplication for test class com.analyzer.AnalyzerApplicationTests
13:20:07.431 [main] INFO org.springframework.boot.devtools.restart.RestartApplicationListener -- Restart disabled due to context in which it is running

  .   ____          _            __ _ _
 /\\ / ___'_ __ _ _(_)_ __  __ _ \ \ \ \
( ( )\___ | '_ | '_| | '_ \/ _` | \ \ \ \
 \\/  ___)| |_)| | | | | || (_| |  ) ) ) )
  '  |____| .__|_| |_|_| |_\__, | / / / /
 =========|_|==============|___/=/_/_/_/

 :: Spring Boot ::                (v3.3.2)

2024-11-04T13:20:07.658-03:00  INFO 6510 --- [analyzer] [           main] com.analyzer.AnalyzerApplicationTests    : Starting AnalyzerApplicationTests using Java 22.0.2 with PID 6510 (started by brunoantunes in /Users/brunoantunes/Library/Mobile Documents/com~apple~CloudDocs/Fiap/Challenge/Sprint4-Devops/ChallengeDashboard)
2024-11-04T13:20:07.661-03:00  INFO 6510 --- [analyzer] [           main] com.analyzer.AnalyzerApplicationTests    : No active profile set, falling back to 1 default profile: "default"
2024-11-04T13:20:08.202-03:00  INFO 6510 --- [analyzer] [           main] .s.d.r.c.RepositoryConfigurationDelegate : Bootstrapping Spring Data JPA repositories in DEFAULT mode.
2024-11-04T13:20:08.251-03:00  INFO 6510 --- [analyzer] [           main] .s.d.r.c.RepositoryConfigurationDelegate : Finished Spring Data repository scanning in 43 ms. Found 4 JPA repository interfaces.
2024-11-04T13:20:08.736-03:00  INFO 6510 --- [analyzer] [           main] o.hibernate.jpa.internal.util.LogHelper  : HHH000204: Processing PersistenceUnitInfo [name: default]
2024-11-04T13:20:08.774-03:00  INFO 6510 --- [analyzer] [           main] org.hibernate.Version                    : HHH000412: Hibernate ORM core version 6.5.2.Final
2024-11-04T13:20:08.798-03:00  INFO 6510 --- [analyzer] [           main] o.h.c.internal.RegionFactoryInitiator    : HHH000026: Second-level cache disabled
2024-11-04T13:20:09.016-03:00  INFO 6510 --- [analyzer] [           main] o.s.o.j.p.SpringPersistenceUnitInfo      : No LoadTimeWeaver setup: ignoring JPA class transformer
2024-11-04T13:20:09.033-03:00  INFO 6510 --- [analyzer] [           main] com.zaxxer.hikari.HikariDataSource       : HikariPool-1 - Starting...
2024-11-04T13:20:09.503-03:00  INFO 6510 --- [analyzer] [           main] com.zaxxer.hikari.pool.HikariPool        : HikariPool-1 - Added connection oracle.jdbc.driver.T4CConnection@2109a691
2024-11-04T13:20:09.504-03:00  INFO 6510 --- [analyzer] [           main] com.zaxxer.hikari.HikariDataSource       : HikariPool-1 - Start completed.
2024-11-04T13:20:09.644-03:00  WARN 6510 --- [analyzer] [           main] org.hibernate.orm.deprecation            : HHH90000025: OracleDialect does not need to be specified explicitly using 'hibernate.dialect' (remove the property setting and it will be selected by default)
2024-11-04T13:20:10.279-03:00  INFO 6510 --- [analyzer] [           main] o.h.e.t.j.p.i.JtaPlatformInitiator       : HHH000489: No JTA platform available (set 'hibernate.transaction.jta.platform' to enable JTA platform integration)
2024-11-04T13:20:17.675-03:00  INFO 6510 --- [analyzer] [           main] j.LocalContainerEntityManagerFactoryBean : Initialized JPA EntityManagerFactory for persistence unit 'default'
2024-11-04T13:20:17.935-03:00  WARN 6510 --- [analyzer] [           main] JpaBaseConfiguration$JpaWebConfiguration : spring.jpa.open-in-view is enabled by default. Therefore, database queries may be performed during view rendering. Explicitly configure spring.jpa.open-in-view to disable this warning
2024-11-04T13:20:17.953-03:00  INFO 6510 --- [analyzer] [           main] r$InitializeUserDetailsManagerConfigurer : Global AuthenticationManager configured with UserDetailsService bean with name userDetailsServiceImpl
2024-11-04T13:20:17.998-03:00  INFO 6510 --- [analyzer] [           main] o.s.b.a.w.s.WelcomePageHandlerMapping    : Adding welcome page template: index
2024-11-04T13:20:18.351-03:00  INFO 6510 --- [analyzer] [           main] com.analyzer.AnalyzerApplicationTests    : Started AnalyzerApplicationTests in 10.932 seconds (process running for 11.72)
]]></system-out>
    <system-err><![CDATA[WARNING: A Java agent has been loaded dynamically (/Users/brunoantunes/.m2/repository/net/bytebuddy/byte-buddy-agent/1.14.18/byte-buddy-agent-1.14.18.jar)
WARNING: If a serviceability tool is in use, please run with -XX:+EnableDynamicAgentLoading to hide this warning
WARNING: If a serviceability tool is not in use, please run with -Djdk.instrument.traceUsage for more information
WARNING: Dynamic loading of agents will be disallowed by default in a future release
]]></system-err>
  </testcase>
</testsuite>